<?xml version="1.0" encoding="UTF-8"?>
<!-- Generated by org.testng.reporters.JUnitReportReporter -->
<testsuite hostname="Vaibhav" failures="0" tests="1" name="testCases.Tc_002LoginTest" time="2.408" errors="0" timestamp="2025-03-06T13:10:50 IST" skipped="0">
  <testcase classname="testCases.Tc_002LoginTest" name="VerifyLogin" time="2.408"/>
</testsuite> <!-- testCases.Tc_002LoginTest -->
