<?xml version="1.0" encoding="UTF-8"?>
<!-- Generated by org.testng.reporters.JUnitReportReporter -->
<testsuite hostname="Vaibhav" failures="0" tests="1" name="testCases.Tc__004Addtocart" time="2.916" errors="0" timestamp="2025-03-31T16:05:49 IST" skipped="0">
  <testcase classname="testCases.Tc__004Addtocart" name="VerifyAddtocartItem" time="2.916"/>
</testsuite> <!-- testCases.Tc__004Addtocart -->
