<?xml version="1.0" encoding="UTF-8"?>
<!-- Generated by org.testng.reporters.JUnitReportReporter -->
<testsuite hostname="Vaibhav" failures="0" tests="1" name="testCases.AccountRegistrationTest" time="0.521" errors="0" timestamp="2025-03-06T13:10:50 IST" skipped="0">
  <testcase classname="testCases.AccountRegistrationTest" name="TC_001AccountRegistertest" time="0.521"/>
</testsuite> <!-- testCases.AccountRegistrationTest -->
