<?xml version="1.0" encoding="UTF-8"?>
<!-- Generated by org.testng.reporters.JUnitReportReporter -->
<testsuite hostname="Vaibhav" failures="0" tests="1" name="testCases.Tc__001HomePageExists" time="0.713" errors="0" timestamp="2025-03-31T14:58:31 IST" skipped="0">
  <testcase classname="testCases.Tc__001HomePageExists" name="VerifyHomePage" time="0.713"/>
</testsuite> <!-- testCases.Tc__001HomePageExists -->
